<?xml version="1.0" encoding="UTF-8"?>
<!-- Generated by org.testng.reporters.JUnitReportReporter -->
<testsuite skipped="0" hostname="e55af911a84c" name="demoTests.Searchducktest" tests="4" failures="0" timestamp="14 May 2020 08:41:40 GMT" time="56.219" errors="0">
  <testcase name="search" time="13.228" classname="demoTests.Searchducktest"/>
  <testcase name="search" time="15.224" classname="demoTests.Searchducktest"/>
  <testcase name="search" time="14.434" classname="demoTests.Searchducktest"/>
  <testcase name="search" time="13.333" classname="demoTests.Searchducktest"/>
</testsuite> <!-- demoTests.Searchducktest -->
