<?xml version="1.0" encoding="UTF-8"?>
<!-- Generated by org.testng.reporters.JUnitReportReporter -->
<testsuite skipped="0" hostname="eeeb8dcf8a40" name="demoTests.Searchducktest" tests="4" failures="0" timestamp="14 May 2020 14:12:11 GMT" time="56.418" errors="0">
  <testcase name="search" time="13.782" classname="demoTests.Searchducktest"/>
  <testcase name="search" time="13.662" classname="demoTests.Searchducktest"/>
  <testcase name="search" time="14.886" classname="demoTests.Searchducktest"/>
  <testcase name="search" time="14.088" classname="demoTests.Searchducktest"/>
</testsuite> <!-- demoTests.Searchducktest -->
