<?xml version="1.0" encoding="UTF-8"?>
<!-- Generated by org.testng.reporters.JUnitReportReporter -->
<testsuite skipped="0" hostname="18eb9a31bac8" name="demoTests.Searchducktest" tests="4" failures="0" timestamp="14 May 2020 08:41:56 GMT" time="54.543" errors="0">
  <testcase name="search" time="14.099" classname="demoTests.Searchducktest"/>
  <testcase name="search" time="13.417" classname="demoTests.Searchducktest"/>
  <testcase name="search" time="13.865" classname="demoTests.Searchducktest"/>
  <testcase name="search" time="13.162" classname="demoTests.Searchducktest"/>
</testsuite> <!-- demoTests.Searchducktest -->
